# Initializing memory
# Initializing Fetch module
# opened file srec_files/BubbleSort.srec
# 
# read in file 
# 
# Time:                 1350, PC: 80020000, RS:        29, RT:        29, IR: 27bdffc8
# Time:                 1360, PC: 80020004, RS:        29, RT:        31, IR: afbf0034
# Time:                 1370, PC: 80020008, RS:        29, RT:        30, IR: afbe0030
# Time:                 1380, PC: 8002000c, RS:        29, RT:         0, IR: 03a0f021
# Time:                 1390, PC: 80020010, RS:         0, RT:         2, IR: 2402000c
# Time:                 1400, PC: 80020014, RS:        30, RT:         2, IR: afc20010
# Time:                 1410, PC: 80020018, RS:         0, RT:         2, IR: 24020009
# Time:                 1420, PC: 8002001c, RS:        30, RT:         2, IR: afc20014
# Time:                 1430, PC: 80020020, RS:         0, RT:         2, IR: 24020004
# Time:                 1440, PC: 80020024, RS:        30, RT:         2, IR: afc20018
# Time:                 1450, PC: 80020028, RS:         0, RT:         2, IR: 24020063
# Time:                 1460, PC: 8002002c, RS:        30, RT:         2, IR: afc2001c
# Time:                 1470, PC: 80020030, RS:         0, RT:         2, IR: 24020078
# Time:                 1480, PC: 80020034, RS:        30, RT:         2, IR: afc20020
# Time:                 1490, PC: 80020038, RS:         0, RT:         2, IR: 24020001
# Time:                 1500, PC: 8002003c, RS:        30, RT:         2, IR: afc20024
# Time:                 1510, PC: 80020040, RS:         0, RT:         2, IR: 24020003
# Time:                 1520, PC: 80020044, RS:        30, RT:         2, IR: afc20028
# Time:                 1530, PC: 80020048, RS:         0, RT:         2, IR: 2402000a
# Time:                 1540, PC: 8002004c, RS:        30, RT:         2, IR: afc2002c
# Time:                 1550, PC: 80020050, RS:        30, RT:         2, IR: 27c20010
# Time:                 1560, PC: 80020054, RS:         2, RT:         0, IR: 00402021
# Time:                 1570, PC: 80020058, RS:         0, RT:         5, IR: 24050008
# Time:                 1580, PC: 8002005c, RS:         0, RT:         0, IR: 0c008020
# Time:                 1590, PC: 80020060, RS:         0, RT:         0, IR: 00000000
# Time:                 1600, PC: 80020064, RS:         0, RT:         0, IR: 00001021
# Time:                 1610, PC: 80020068, RS:        30, RT:         0, IR: 03c0e821
# Time:                 1620, PC: 8002006c, RS:        29, RT:        31, IR: 8fbf0034
# Time:                 1630, PC: 80020070, RS:        29, RT:        30, IR: 8fbe0030
# Time:                 1640, PC: 80020074, RS:        29, RT:        29, IR: 27bd0038
# Time:                 1650, PC: 80020078, RS:        31, RT:         0, IR: 03e00008
# Time:                 1660, PC: 8002007c, RS:         0, RT:         0, IR: 00000000
# Time:                 1670, PC: 80020080, RS:        29, RT:        29, IR: 27bdffe8
# Time:                 1680, PC: 80020084, RS:        29, RT:        30, IR: afbe0014
# Time:                 1690, PC: 80020088, RS:        29, RT:         0, IR: 03a0f021
# Time:                 1700, PC: 8002008c, RS:        30, RT:         4, IR: afc40018
# Time:                 1710, PC: 80020090, RS:        30, RT:         5, IR: afc5001c
# Time:                 1720, PC: 80020094, RS:        30, RT:         0, IR: afc00000
# Time:                 1730, PC: 80020098, RS:         0, RT:         0, IR: 0800805f
# Time:                 1740, PC: 8002009c, RS:         0, RT:         0, IR: 00000000
# Time:                 1750, PC: 800200a0, RS:         0, RT:         2, IR: 24020001
# Time:                 1760, PC: 800200a4, RS:        30, RT:         2, IR: afc20004
# Time:                 1770, PC: 800200a8, RS:         0, RT:         0, IR: 08008055
# Time:                 1780, PC: 800200ac, RS:         0, RT:         0, IR: 00000000
# Time:                 1790, PC: 800200b0, RS:        30, RT:         2, IR: 8fc20004
# Time:                 1800, PC: 800200b4, RS:         2, RT:         2, IR: 2442ffff
# Time:                 1810, PC: 800200b8, RS:         0, RT:         2, IR: 00021080
# Time:                 1820, PC: 800200bc, RS:        30, RT:         3, IR: 8fc30018
# Time:                 1830, PC: 800200c0, RS:         3, RT:         2, IR: 00621021
# Time:                 1840, PC: 800200c4, RS:         2, RT:         3, IR: 8c430000
# Time:                 1850, PC: 800200c8, RS:        30, RT:         2, IR: 8fc20004
# Time:                 1860, PC: 800200cc, RS:         0, RT:         2, IR: 00021080
# Time:                 1870, PC: 800200d0, RS:        30, RT:         4, IR: 8fc40018
# Time:                 1880, PC: 800200d4, RS:         4, RT:         2, IR: 00821021
# Time:                 1890, PC: 800200d8, RS:         2, RT:         2, IR: 8c420000
# Time:                 1900, PC: 800200dc, RS:         2, RT:         3, IR: 0043102a
# Time:                 1910, PC: 800200e0, RS:         2, RT:         0, IR: 10400019
# Time:                 1920, PC: 800200e4, RS:         0, RT:         0, IR: 00000000
# Time:                 1930, PC: 800200e8, RS:        30, RT:         2, IR: 8fc20004
# Time:                 1940, PC: 800200ec, RS:         2, RT:         2, IR: 2442ffff
# Time:                 1950, PC: 800200f0, RS:         0, RT:         2, IR: 00021080
# Time:                 1960, PC: 800200f4, RS:        30, RT:         3, IR: 8fc30018
# Time:                 1970, PC: 800200f8, RS:         3, RT:         2, IR: 00621021
# Time:                 1980, PC: 800200fc, RS:         2, RT:         2, IR: 8c420000
# Time:                 1990, PC: 80020100, RS:        30, RT:         2, IR: afc20008
# Time:                 2000, PC: 80020104, RS:        30, RT:         2, IR: 8fc20004
# Time:                 2010, PC: 80020108, RS:         2, RT:         2, IR: 2442ffff
# Time:                 2020, PC: 8002010c, RS:         0, RT:         2, IR: 00021080
# Time:                 2030, PC: 80020110, RS:        30, RT:         3, IR: 8fc30018
# Time:                 2040, PC: 80020114, RS:         3, RT:         2, IR: 00621021
# Time:                 2050, PC: 80020118, RS:        30, RT:         3, IR: 8fc30004
# Time:                 2060, PC: 8002011c, RS:         0, RT:         3, IR: 00031880
# Time:                 2070, PC: 80020120, RS:        30, RT:         4, IR: 8fc40018
# Time:                 2080, PC: 80020124, RS:         4, RT:         3, IR: 00831821
# Time:                 2090, PC: 80020128, RS:         3, RT:         3, IR: 8c630000
# Time:                 2100, PC: 8002012c, RS:         2, RT:         3, IR: ac430000
# Time:                 2110, PC: 80020130, RS:        30, RT:         2, IR: 8fc20004
# Time:                 2120, PC: 80020134, RS:         0, RT:         2, IR: 00021080
# Time:                 2130, PC: 80020138, RS:        30, RT:         3, IR: 8fc30018
# Time:                 2140, PC: 8002013c, RS:         3, RT:         2, IR: 00621021
# Time:                 2150, PC: 80020140, RS:        30, RT:         3, IR: 8fc30008
# Time:                 2160, PC: 80020144, RS:         2, RT:         3, IR: ac430000
# Time:                 2170, PC: 80020148, RS:        30, RT:         2, IR: 8fc20004
# Time:                 2180, PC: 8002014c, RS:         2, RT:         2, IR: 24420001
# Time:                 2190, PC: 80020150, RS:        30, RT:         2, IR: afc20004
# Time:                 2200, PC: 80020154, RS:        30, RT:         3, IR: 8fc3001c
# Time:                 2210, PC: 80020158, RS:        30, RT:         2, IR: 8fc20000
# Time:                 2220, PC: 8002015c, RS:         3, RT:         2, IR: 00621823
# Time:                 2230, PC: 80020160, RS:        30, RT:         2, IR: 8fc20004
# Time:                 2240, PC: 80020164, RS:         2, RT:         3, IR: 0043102a
# Time:                 2250, PC: 80020168, RS:         2, RT:         0, IR: 1440ffd1
# Time:                 2260, PC: 8002016c, RS:         0, RT:         0, IR: 00000000
# Time:                 2270, PC: 80020170, RS:        30, RT:         2, IR: 8fc20000
# Time:                 2280, PC: 80020174, RS:         2, RT:         2, IR: 24420001
# Time:                 2290, PC: 80020178, RS:        30, RT:         2, IR: afc20000
# Time:                 2300, PC: 8002017c, RS:        30, RT:         3, IR: 8fc30000
# Time:                 2310, PC: 80020180, RS:        30, RT:         2, IR: 8fc2001c
# Time:                 2320, PC: 80020184, RS:         3, RT:         2, IR: 0062102a
# Time:                 2330, PC: 80020188, RS:         2, RT:         0, IR: 1440ffc5
# Time:                 2340, PC: 8002018c, RS:         0, RT:         0, IR: 00000000
# Time:                 2350, PC: 80020190, RS:        30, RT:         0, IR: 03c0e821
# Time:                 2360, PC: 80020194, RS:        29, RT:        30, IR: 8fbe0014
# Time:                 2370, PC: 80020198, RS:        29, RT:        29, IR: 27bd0018
# Time:                 2380, PC: 8002019c, RS:        31, RT:         0, IR: 03e00008
# Time:                 2390, PC: 800201a0, RS:         0, RT:         0, IR: 00000000
# ** Note: $finish    : reg_file_tb.v(106)
#    Time: 2400 ns  Iteration: 0  Instance: /reg_file_tb
